<?xml version="1.0" encoding="UTF-8"?>
<testsuite name="com.bl.demo.UserRegistrationTest" tests="1" skipped="0" failures="0" errors="0" timestamp="2020-04-19T15:34:35" hostname="DESKTOP-PF8MVFB" time="0.028">
  <properties/>
  <testcase name="givenValidMobileNumber_ShouldReturnTrue" classname="com.bl.demo.UserRegistrationTest" time="0.028"/>
  <system-out><![CDATA[]]></system-out>
  <system-err><![CDATA[]]></system-err>
</testsuite>
