<?xml version="1.0" encoding="UTF-8"?>
<testsuite name="com.bl.demo.UserRegistrationTest" tests="1" skipped="0" failures="0" errors="0" timestamp="2020-04-20T09:13:13" hostname="DESKTOP-PF8MVFB" time="0.003">
  <properties/>
  <testcase name="givenPassword_ShouldReturnTrue" classname="com.bl.demo.UserRegistrationTest" time="0.003"/>
  <system-out><![CDATA[]]></system-out>
  <system-err><![CDATA[]]></system-err>
</testsuite>
