<?xml version="1.0" encoding="UTF-8"?>
<testsuite name="com.bl.demo.UserRegistrationTest" tests="1" skipped="0" failures="0" errors="0" timestamp="2020-04-19T14:24:18" hostname="DESKTOP-PF8MVFB" time="0.045">
  <properties/>
  <testcase name="givenValidEmailId_ShouldReturnTrue" classname="com.bl.demo.UserRegistrationTest" time="0.045"/>
  <system-out><![CDATA[]]></system-out>
  <system-err><![CDATA[]]></system-err>
</testsuite>
